<!DOCTYPE html>
<html>
<head>
    <title>Test report</title>
    <meta name="generator" content="HTMLTestRunner 1.0.18"/>
    <meta http-equiv="Content-Type" content="text/html; charset=UTF-8"/>
    <link rel="stylesheet" href="stylesheet.css">
    <script src="script.js"></script>
    <style>
        
    </style>
    <script>
        
    </script>
</head>
<body>
<div class='heading'>
    <h1 style="margin-left:1ex;">Test report</h1>
    
    <p class='attribute'><strong>Start Time : </strong> 2023-01-12 19:37:15</p>
    
    <p class='attribute'><strong>Duration : </strong> 0:02:46.952822</p>
    
    <p class='attribute'><strong>Status : </strong> Pass 6 Failure 1 Error 5</p>
    
    <p class='attribute'><strong>Description : </strong> Test report generation using HTMLTestRunner-rv</p>
    
    <p class='attribute'><strong>Tested By : </strong> Unknown</p>
    
</div>
<div>
    <p id='show_detail_line'><b>Show</b>
        <button><a href='javascript:showCase(0)' style="color:#660066;">Summary</a></button>
        <button><a href='javascript:showCase(1)' style="color:#660066;">Failed</a></button>
        <button><a href='javascript:showCase(2)' style="color:#660066;">Passed</a></button>
        <button><a href='javascript:showCase(3)' style="color:#660066;">All</a></button>
    </p>
    <table id='result_table'>
        <colgroup>
            <col align='left'/>
            <col align='right'/>
            <col align='right'/>
            <col align='right'/>
            <col align='right'/>
            <col align='right'/>
        </colgroup>
        <tr id='header_row'>
            <td>Test Group/Test case</td>
            <td>Count</td>
            <td>Pass</td>
            <td>Fail</td>
            <td>Error</td>
            <td>View</td>
        </tr>
        
        <tr class='errorClass' style="font-weight:bold;color:white;">
            <td><a href="javascript:showClassDetail('c1','6')">sauce_demo_test.SauceDemoTestCase</a></td>
            <td>6</td>
            <td>0</td>
            <td>1</td>
            <td>5</td>
            <td>
                <button><a href="javascript:showClassDetail('c1','6')"
                           style="color:#660066;">Detail</a></button>
            </td>
        </tr>
            
            <tr id="ft1.1" class='none'>
                <td class='errorCase'>
                    <div class='testcase'>
                        <a class="popup_link" onfocus='this.blur();'
                           href="javascript:showTestDetail('div_ft1.1')">test_add_to_cart</a>
                    </div>
                </td>
                <td colspan='5' align='center'>
                    <div>
                        <!--css div popup start-->
                        <button>
                            <a class="popup_link" onfocus='this.blur();'
                               href="javascript:showTestDetail('div_ft1.1')" style="color:#660066;">
                                ERROR
                            </a></button>
                        <div id='div_ft1.1' class="popup_window">
                            <div style='text-align: right; color:red;cursor:pointer'>
                                <a onfocus='this.blur();'
                                   onclick="document.getElementById('div_ft1.1').style.display = 'none'; "
                                   style="color:red;">
                                    [x]</a>
                            </div>
                            <pre></pre>
                            <pre style="color: red;">Traceback (most recent call last):
  File "C:\Users\uzzyy\PycharmProjects\Proiect-Final-ITF\sauce_demo_test.py", line 57, in test_add_to_cart
    click_add_to_cart_backpack = self.driver.find_element(By.ID, "add-to-cart-sauce-labs-backpack")
  File "C:\Users\uzzyy\PycharmProjects\Proiect-Final-ITF\venv\lib\site-packages\selenium\webdriver\remote\webdriver.py", line 861, in find_element
    return self.execute(Command.FIND_ELEMENT, {"using": by, "value": value})["value"]
  File "C:\Users\uzzyy\PycharmProjects\Proiect-Final-ITF\venv\lib\site-packages\selenium\webdriver\remote\webdriver.py", line 444, in execute
    self.error_handler.check_response(response)
  File "C:\Users\uzzyy\PycharmProjects\Proiect-Final-ITF\venv\lib\site-packages\selenium\webdriver\remote\errorhandler.py", line 249, in check_response
    raise exception_class(message, screen, stacktrace)
selenium.common.exceptions.NoSuchElementException: Message: no such element: Unable to locate element: {"method":"css selector","selector":"[id="add-to-cart-sauce-labs-backpack"]"}
  (Session info: chrome=109.0.5414.74)
Stacktrace:
Backtrace:
	(No symbol) [0x00BA6643]
	(No symbol) [0x00B3BE21]
	(No symbol) [0x00A3DA9D]
	(No symbol) [0x00A71342]
	(No symbol) [0x00A7147B]
	(No symbol) [0x00AA8DC2]
	(No symbol) [0x00A8FDC4]
	(No symbol) [0x00AA6B09]
	(No symbol) [0x00A8FB76]
	(No symbol) [0x00A649C1]
	(No symbol) [0x00A65E5D]
	GetHandleVerifier [0x00E1A142+2497106]
	GetHandleVerifier [0x00E485D3+2686691]
	GetHandleVerifier [0x00E4BB9C+2700460]
	GetHandleVerifier [0x00C53B10+635936]
	(No symbol) [0x00B44A1F]
	(No symbol) [0x00B4A418]
	(No symbol) [0x00B4A505]
	(No symbol) [0x00B5508B]
	BaseThreadInitThunk [0x77007D69+25]
	RtlInitializeExceptionChain [0x7794BB9B+107]
	RtlClearBits [0x7794BB1F+191]

</pre>
                        </div>
                        <!--css div popup end-->
                    </div>
                </td>
            </tr>
            
            <tr id="ft1.2" class='none'>
                <td class='errorCase'>
                    <div class='testcase'>
                        <a class="popup_link" onfocus='this.blur();'
                           href="javascript:showTestDetail('div_ft1.2')">test_checkout</a>
                    </div>
                </td>
                <td colspan='5' align='center'>
                    <div>
                        <!--css div popup start-->
                        <button>
                            <a class="popup_link" onfocus='this.blur();'
                               href="javascript:showTestDetail('div_ft1.2')" style="color:#660066;">
                                ERROR
                            </a></button>
                        <div id='div_ft1.2' class="popup_window">
                            <div style='text-align: right; color:red;cursor:pointer'>
                                <a onfocus='this.blur();'
                                   onclick="document.getElementById('div_ft1.2').style.display = 'none'; "
                                   style="color:red;">
                                    [x]</a>
                            </div>
                            <pre></pre>
                            <pre style="color: red;">Traceback (most recent call last):
  File "C:\Users\uzzyy\PycharmProjects\Proiect-Final-ITF\sauce_demo_test.py", line 69, in test_checkout
    self.add_items_to_cart()
  File "C:\Users\uzzyy\PycharmProjects\Proiect-Final-ITF\sauce_demo_test.py", line 28, in add_items_to_cart
    add_item_to_cart_t_shirt = self.driver.find_element(By.ID, "add-to-cart-sauce-labs-bolt-t-shirt")
  File "C:\Users\uzzyy\PycharmProjects\Proiect-Final-ITF\venv\lib\site-packages\selenium\webdriver\remote\webdriver.py", line 861, in find_element
    return self.execute(Command.FIND_ELEMENT, {"using": by, "value": value})["value"]
  File "C:\Users\uzzyy\PycharmProjects\Proiect-Final-ITF\venv\lib\site-packages\selenium\webdriver\remote\webdriver.py", line 444, in execute
    self.error_handler.check_response(response)
  File "C:\Users\uzzyy\PycharmProjects\Proiect-Final-ITF\venv\lib\site-packages\selenium\webdriver\remote\errorhandler.py", line 249, in check_response
    raise exception_class(message, screen, stacktrace)
selenium.common.exceptions.NoSuchElementException: Message: no such element: Unable to locate element: {"method":"css selector","selector":"[id="add-to-cart-sauce-labs-bolt-t-shirt"]"}
  (Session info: chrome=109.0.5414.74)
Stacktrace:
Backtrace:
	(No symbol) [0x00BA6643]
	(No symbol) [0x00B3BE21]
	(No symbol) [0x00A3DA9D]
	(No symbol) [0x00A71342]
	(No symbol) [0x00A7147B]
	(No symbol) [0x00AA8DC2]
	(No symbol) [0x00A8FDC4]
	(No symbol) [0x00AA6B09]
	(No symbol) [0x00A8FB76]
	(No symbol) [0x00A649C1]
	(No symbol) [0x00A65E5D]
	GetHandleVerifier [0x00E1A142+2497106]
	GetHandleVerifier [0x00E485D3+2686691]
	GetHandleVerifier [0x00E4BB9C+2700460]
	GetHandleVerifier [0x00C53B10+635936]
	(No symbol) [0x00B44A1F]
	(No symbol) [0x00B4A418]
	(No symbol) [0x00B4A505]
	(No symbol) [0x00B5508B]
	BaseThreadInitThunk [0x77007D69+25]
	RtlInitializeExceptionChain [0x7794BB9B+107]
	RtlClearBits [0x7794BB1F+191]

</pre>
                        </div>
                        <!--css div popup end-->
                    </div>
                </td>
            </tr>
            
            <tr id="ft1.3" class='none'>
                <td class='errorCase'>
                    <div class='testcase'>
                        <a class="popup_link" onfocus='this.blur();'
                           href="javascript:showTestDetail('div_ft1.3')">test_complete_checkout</a>
                    </div>
                </td>
                <td colspan='5' align='center'>
                    <div>
                        <!--css div popup start-->
                        <button>
                            <a class="popup_link" onfocus='this.blur();'
                               href="javascript:showTestDetail('div_ft1.3')" style="color:#660066;">
                                ERROR
                            </a></button>
                        <div id='div_ft1.3' class="popup_window">
                            <div style='text-align: right; color:red;cursor:pointer'>
                                <a onfocus='this.blur();'
                                   onclick="document.getElementById('div_ft1.3').style.display = 'none'; "
                                   style="color:red;">
                                    [x]</a>
                            </div>
                            <pre></pre>
                            <pre style="color: red;">Traceback (most recent call last):
  File "C:\Users\uzzyy\PycharmProjects\Proiect-Final-ITF\sauce_demo_test.py", line 84, in test_complete_checkout
    self.add_items_to_cart()
  File "C:\Users\uzzyy\PycharmProjects\Proiect-Final-ITF\sauce_demo_test.py", line 28, in add_items_to_cart
    add_item_to_cart_t_shirt = self.driver.find_element(By.ID, "add-to-cart-sauce-labs-bolt-t-shirt")
  File "C:\Users\uzzyy\PycharmProjects\Proiect-Final-ITF\venv\lib\site-packages\selenium\webdriver\remote\webdriver.py", line 861, in find_element
    return self.execute(Command.FIND_ELEMENT, {"using": by, "value": value})["value"]
  File "C:\Users\uzzyy\PycharmProjects\Proiect-Final-ITF\venv\lib\site-packages\selenium\webdriver\remote\webdriver.py", line 444, in execute
    self.error_handler.check_response(response)
  File "C:\Users\uzzyy\PycharmProjects\Proiect-Final-ITF\venv\lib\site-packages\selenium\webdriver\remote\errorhandler.py", line 249, in check_response
    raise exception_class(message, screen, stacktrace)
selenium.common.exceptions.NoSuchElementException: Message: no such element: Unable to locate element: {"method":"css selector","selector":"[id="add-to-cart-sauce-labs-bolt-t-shirt"]"}
  (Session info: chrome=109.0.5414.74)
Stacktrace:
Backtrace:
	(No symbol) [0x00BA6643]
	(No symbol) [0x00B3BE21]
	(No symbol) [0x00A3DA9D]
	(No symbol) [0x00A71342]
	(No symbol) [0x00A7147B]
	(No symbol) [0x00AA8DC2]
	(No symbol) [0x00A8FDC4]
	(No symbol) [0x00AA6B09]
	(No symbol) [0x00A8FB76]
	(No symbol) [0x00A649C1]
	(No symbol) [0x00A65E5D]
	GetHandleVerifier [0x00E1A142+2497106]
	GetHandleVerifier [0x00E485D3+2686691]
	GetHandleVerifier [0x00E4BB9C+2700460]
	GetHandleVerifier [0x00C53B10+635936]
	(No symbol) [0x00B44A1F]
	(No symbol) [0x00B4A418]
	(No symbol) [0x00B4A505]
	(No symbol) [0x00B5508B]
	BaseThreadInitThunk [0x77007D69+25]
	RtlInitializeExceptionChain [0x7794BB9B+107]
	RtlClearBits [0x7794BB1F+191]

</pre>
                        </div>
                        <!--css div popup end-->
                    </div>
                </td>
            </tr>
            
            <tr id="ft1.4" class='none'>
                <td class='errorCase'>
                    <div class='testcase'>
                        <a class="popup_link" onfocus='this.blur();'
                           href="javascript:showTestDetail('div_ft1.4')">test_enter_checkout_information</a>
                    </div>
                </td>
                <td colspan='5' align='center'>
                    <div>
                        <!--css div popup start-->
                        <button>
                            <a class="popup_link" onfocus='this.blur();'
                               href="javascript:showTestDetail('div_ft1.4')" style="color:#660066;">
                                ERROR
                            </a></button>
                        <div id='div_ft1.4' class="popup_window">
                            <div style='text-align: right; color:red;cursor:pointer'>
                                <a onfocus='this.blur();'
                                   onclick="document.getElementById('div_ft1.4').style.display = 'none'; "
                                   style="color:red;">
                                    [x]</a>
                            </div>
                            <pre></pre>
                            <pre style="color: red;">Traceback (most recent call last):
  File "C:\Users\uzzyy\PycharmProjects\Proiect-Final-ITF\sauce_demo_test.py", line 76, in test_enter_checkout_information
    self.add_items_to_cart()
  File "C:\Users\uzzyy\PycharmProjects\Proiect-Final-ITF\sauce_demo_test.py", line 28, in add_items_to_cart
    add_item_to_cart_t_shirt = self.driver.find_element(By.ID, "add-to-cart-sauce-labs-bolt-t-shirt")
  File "C:\Users\uzzyy\PycharmProjects\Proiect-Final-ITF\venv\lib\site-packages\selenium\webdriver\remote\webdriver.py", line 861, in find_element
    return self.execute(Command.FIND_ELEMENT, {"using": by, "value": value})["value"]
  File "C:\Users\uzzyy\PycharmProjects\Proiect-Final-ITF\venv\lib\site-packages\selenium\webdriver\remote\webdriver.py", line 444, in execute
    self.error_handler.check_response(response)
  File "C:\Users\uzzyy\PycharmProjects\Proiect-Final-ITF\venv\lib\site-packages\selenium\webdriver\remote\errorhandler.py", line 249, in check_response
    raise exception_class(message, screen, stacktrace)
selenium.common.exceptions.NoSuchElementException: Message: no such element: Unable to locate element: {"method":"css selector","selector":"[id="add-to-cart-sauce-labs-bolt-t-shirt"]"}
  (Session info: chrome=109.0.5414.74)
Stacktrace:
Backtrace:
	(No symbol) [0x00BA6643]
	(No symbol) [0x00B3BE21]
	(No symbol) [0x00A3DA9D]
	(No symbol) [0x00A71342]
	(No symbol) [0x00A7147B]
	(No symbol) [0x00AA8DC2]
	(No symbol) [0x00A8FDC4]
	(No symbol) [0x00AA6B09]
	(No symbol) [0x00A8FB76]
	(No symbol) [0x00A649C1]
	(No symbol) [0x00A65E5D]
	GetHandleVerifier [0x00E1A142+2497106]
	GetHandleVerifier [0x00E485D3+2686691]
	GetHandleVerifier [0x00E4BB9C+2700460]
	GetHandleVerifier [0x00C53B10+635936]
	(No symbol) [0x00B44A1F]
	(No symbol) [0x00B4A418]
	(No symbol) [0x00B4A505]
	(No symbol) [0x00B5508B]
	BaseThreadInitThunk [0x77007D69+25]
	RtlInitializeExceptionChain [0x7794BB9B+107]
	RtlClearBits [0x7794BB1F+191]

</pre>
                        </div>
                        <!--css div popup end-->
                    </div>
                </td>
            </tr>
            
            <tr id="ft1.5" class='none'>
                <td class='errorCase'>
                    <div class='testcase'>
                        <a class="popup_link" onfocus='this.blur();'
                           href="javascript:showTestDetail('div_ft1.5')">test_remove_from_cart</a>
                    </div>
                </td>
                <td colspan='5' align='center'>
                    <div>
                        <!--css div popup start-->
                        <button>
                            <a class="popup_link" onfocus='this.blur();'
                               href="javascript:showTestDetail('div_ft1.5')" style="color:#660066;">
                                ERROR
                            </a></button>
                        <div id='div_ft1.5' class="popup_window">
                            <div style='text-align: right; color:red;cursor:pointer'>
                                <a onfocus='this.blur();'
                                   onclick="document.getElementById('div_ft1.5').style.display = 'none'; "
                                   style="color:red;">
                                    [x]</a>
                            </div>
                            <pre></pre>
                            <pre style="color: red;">Traceback (most recent call last):
  File "C:\Users\uzzyy\PycharmProjects\Proiect-Final-ITF\sauce_demo_test.py", line 63, in test_remove_from_cart
    self.add_items_to_cart()
  File "C:\Users\uzzyy\PycharmProjects\Proiect-Final-ITF\sauce_demo_test.py", line 28, in add_items_to_cart
    add_item_to_cart_t_shirt = self.driver.find_element(By.ID, "add-to-cart-sauce-labs-bolt-t-shirt")
  File "C:\Users\uzzyy\PycharmProjects\Proiect-Final-ITF\venv\lib\site-packages\selenium\webdriver\remote\webdriver.py", line 861, in find_element
    return self.execute(Command.FIND_ELEMENT, {"using": by, "value": value})["value"]
  File "C:\Users\uzzyy\PycharmProjects\Proiect-Final-ITF\venv\lib\site-packages\selenium\webdriver\remote\webdriver.py", line 444, in execute
    self.error_handler.check_response(response)
  File "C:\Users\uzzyy\PycharmProjects\Proiect-Final-ITF\venv\lib\site-packages\selenium\webdriver\remote\errorhandler.py", line 249, in check_response
    raise exception_class(message, screen, stacktrace)
selenium.common.exceptions.NoSuchElementException: Message: no such element: Unable to locate element: {"method":"css selector","selector":"[id="add-to-cart-sauce-labs-bolt-t-shirt"]"}
  (Session info: chrome=109.0.5414.74)
Stacktrace:
Backtrace:
	(No symbol) [0x00BA6643]
	(No symbol) [0x00B3BE21]
	(No symbol) [0x00A3DA9D]
	(No symbol) [0x00A71342]
	(No symbol) [0x00A7147B]
	(No symbol) [0x00AA8DC2]
	(No symbol) [0x00A8FDC4]
	(No symbol) [0x00AA6B09]
	(No symbol) [0x00A8FB76]
	(No symbol) [0x00A649C1]
	(No symbol) [0x00A65E5D]
	GetHandleVerifier [0x00E1A142+2497106]
	GetHandleVerifier [0x00E485D3+2686691]
	GetHandleVerifier [0x00E4BB9C+2700460]
	GetHandleVerifier [0x00C53B10+635936]
	(No symbol) [0x00B44A1F]
	(No symbol) [0x00B4A418]
	(No symbol) [0x00B4A505]
	(No symbol) [0x00B5508B]
	BaseThreadInitThunk [0x77007D69+25]
	RtlInitializeExceptionChain [0x7794BB9B+107]
	RtlClearBits [0x7794BB1F+191]

</pre>
                        </div>
                        <!--css div popup end-->
                    </div>
                </td>
            </tr>
            
            <tr id="ft1.6" class='none'>
                <td class='failCase'>
                    <div class='testcase'>
                        <a class="popup_link" onfocus='this.blur();'
                           href="javascript:showTestDetail('div_ft1.6')">test_sauce_demo_login</a>
                    </div>
                </td>
                <td colspan='5' align='center'>
                    <div>
                        <!--css div popup start-->
                        <button>
                            <a class="popup_link" onfocus='this.blur();'
                               href="javascript:showTestDetail('div_ft1.6')" style="color:#660066;">
                                FAIL
                            </a></button>
                        <div id='div_ft1.6' class="popup_window">
                            <div style='text-align: right; color:red;cursor:pointer'>
                                <a onfocus='this.blur();'
                                   onclick="document.getElementById('div_ft1.6').style.display = 'none'; "
                                   style="color:red;">
                                    [x]</a>
                            </div>
                            <pre></pre>
                            <pre style="color: red;">Traceback (most recent call last):
  File "C:\Users\uzzyy\PycharmProjects\Proiect-Final-ITF\sauce_demo_test.py", line 53, in test_sauce_demo_login
    assert self.driver.current_url == "https://www.saucedemo.com/inventory.html"
AssertionError
</pre>
                        </div>
                        <!--css div popup end-->
                    </div>
                </td>
            </tr>
            
        
        <tr class='passClass' style="font-weight:bold;color:white;">
            <td><a href="javascript:showClassDetail('c2','6')">selenium_site_test.SeleniumEasyTest</a></td>
            <td>6</td>
            <td>6</td>
            <td>0</td>
            <td>0</td>
            <td>
                <button><a href="javascript:showClassDetail('c2','6')"
                           style="color:#660066;">Detail</a></button>
            </td>
        </tr>
            
            <tr id="pt2.1" class='hiddenRow'>
                <td class='passCase'>
                    <div class='testcase'>
                        <a class="popup_link" onfocus='this.blur();'
                           href="javascript:showTestDetail('div_pt2.1')">test_ajax_form_submit</a>
                    </div>
                </td>
                <td colspan='5' align='center'>
                    <div>
                        <!--css div popup start-->
                        <button>
                            <a class="popup_link" onfocus='this.blur();'
                               href="javascript:showTestDetail('div_pt2.1')" style="color:#660066;">
                                PASS
                            </a></button>
                        <div id='div_pt2.1' class="popup_window">
                            <div style='text-align: right; color:red;cursor:pointer'>
                                <a onfocus='this.blur();'
                                   onclick="document.getElementById('div_pt2.1').style.display = 'none'; "
                                   style="color:red;">
                                    [x]</a>
                            </div>
                            <pre></pre>
                            <pre style="color: red;"></pre>
                        </div>
                        <!--css div popup end-->
                    </div>
                </td>
            </tr>
            
            <tr id="pt2.2" class='hiddenRow'>
                <td class='passCase'>
                    <div class='testcase'>
                        <a class="popup_link" onfocus='this.blur();'
                           href="javascript:showTestDetail('div_pt2.2')">test_alert_box</a>
                    </div>
                </td>
                <td colspan='5' align='center'>
                    <div>
                        <!--css div popup start-->
                        <button>
                            <a class="popup_link" onfocus='this.blur();'
                               href="javascript:showTestDetail('div_pt2.2')" style="color:#660066;">
                                PASS
                            </a></button>
                        <div id='div_pt2.2' class="popup_window">
                            <div style='text-align: right; color:red;cursor:pointer'>
                                <a onfocus='this.blur();'
                                   onclick="document.getElementById('div_pt2.2').style.display = 'none'; "
                                   style="color:red;">
                                    [x]</a>
                            </div>
                            <pre></pre>
                            <pre style="color: red;"></pre>
                        </div>
                        <!--css div popup end-->
                    </div>
                </td>
            </tr>
            
            <tr id="pt2.3" class='hiddenRow'>
                <td class='passCase'>
                    <div class='testcase'>
                        <a class="popup_link" onfocus='this.blur();'
                           href="javascript:showTestDetail('div_pt2.3')">test_basic_checkbox</a>
                    </div>
                </td>
                <td colspan='5' align='center'>
                    <div>
                        <!--css div popup start-->
                        <button>
                            <a class="popup_link" onfocus='this.blur();'
                               href="javascript:showTestDetail('div_pt2.3')" style="color:#660066;">
                                PASS
                            </a></button>
                        <div id='div_pt2.3' class="popup_window">
                            <div style='text-align: right; color:red;cursor:pointer'>
                                <a onfocus='this.blur();'
                                   onclick="document.getElementById('div_pt2.3').style.display = 'none'; "
                                   style="color:red;">
                                    [x]</a>
                            </div>
                            <pre></pre>
                            <pre style="color: red;"></pre>
                        </div>
                        <!--css div popup end-->
                    </div>
                </td>
            </tr>
            
            <tr id="pt2.4" class='hiddenRow'>
                <td class='passCase'>
                    <div class='testcase'>
                        <a class="popup_link" onfocus='this.blur();'
                           href="javascript:showTestDetail('div_pt2.4')">test_basic_form</a>
                    </div>
                </td>
                <td colspan='5' align='center'>
                    <div>
                        <!--css div popup start-->
                        <button>
                            <a class="popup_link" onfocus='this.blur();'
                               href="javascript:showTestDetail('div_pt2.4')" style="color:#660066;">
                                PASS
                            </a></button>
                        <div id='div_pt2.4' class="popup_window">
                            <div style='text-align: right; color:red;cursor:pointer'>
                                <a onfocus='this.blur();'
                                   onclick="document.getElementById('div_pt2.4').style.display = 'none'; "
                                   style="color:red;">
                                    [x]</a>
                            </div>
                            <pre></pre>
                            <pre style="color: red;"></pre>
                        </div>
                        <!--css div popup end-->
                    </div>
                </td>
            </tr>
            
            <tr id="pt2.5" class='hiddenRow'>
                <td class='passCase'>
                    <div class='testcase'>
                        <a class="popup_link" onfocus='this.blur();'
                           href="javascript:showTestDetail('div_pt2.5')">test_form_two_input_fields</a>
                    </div>
                </td>
                <td colspan='5' align='center'>
                    <div>
                        <!--css div popup start-->
                        <button>
                            <a class="popup_link" onfocus='this.blur();'
                               href="javascript:showTestDetail('div_pt2.5')" style="color:#660066;">
                                PASS
                            </a></button>
                        <div id='div_pt2.5' class="popup_window">
                            <div style='text-align: right; color:red;cursor:pointer'>
                                <a onfocus='this.blur();'
                                   onclick="document.getElementById('div_pt2.5').style.display = 'none'; "
                                   style="color:red;">
                                    [x]</a>
                            </div>
                            <pre></pre>
                            <pre style="color: red;"></pre>
                        </div>
                        <!--css div popup end-->
                    </div>
                </td>
            </tr>
            
            <tr id="pt2.6" class='hiddenRow'>
                <td class='passCase'>
                    <div class='testcase'>
                        <a class="popup_link" onfocus='this.blur();'
                           href="javascript:showTestDetail('div_pt2.6')">test_radio_button</a>
                    </div>
                </td>
                <td colspan='5' align='center'>
                    <div>
                        <!--css div popup start-->
                        <button>
                            <a class="popup_link" onfocus='this.blur();'
                               href="javascript:showTestDetail('div_pt2.6')" style="color:#660066;">
                                PASS
                            </a></button>
                        <div id='div_pt2.6' class="popup_window">
                            <div style='text-align: right; color:red;cursor:pointer'>
                                <a onfocus='this.blur();'
                                   onclick="document.getElementById('div_pt2.6').style.display = 'none'; "
                                   style="color:red;">
                                    [x]</a>
                            </div>
                            <pre></pre>
                            <pre style="color: red;"></pre>
                        </div>
                        <!--css div popup end-->
                    </div>
                </td>
            </tr>
            
        

        <tr id='total_row'>
            <td>Total</td>
            <td>12</td>
            <td>6</td>
            <td>1</td>
            <td>5</td>
            <td>&nbsp;</td>
        </tr>
    </table>
</div>
<br><br>
<div id='ending'><b>Time Elapsed: </b>0:02:46.952822</div>
</body>
</html>